14:05:41 00001 INFO: Starting...
14:05:41 00111 INFO: Creating 50 patients.
14:05:41 00112 INFO: Reading file: FakeNameGeneratorShr.csv.
14:05:41 00113 INFO: Found name generator file: FakeNameGeneratorShr.csv
14:05:41 00112 INFO: Reading file: PopulationStatistics.csv.
14:05:41 00113 INFO: Found domain statistics file: PopulationStatistics.csv
14:05:41 00112 INFO: Reading file: ShrewsburyStats.csv.
14:05:41 00113 INFO: Found area statistics file: ShrewsburyStats.csv
14:05:41 00114 INFO: Dealing with area type: Ward
14:05:44 00101 INFO: Adding pathway file 'Path1.bpmn' to validation list
14:05:44 00115 INFO: Files validated for information items. Checking files dependencies...
14:05:44 00107 INFO: Validating pathways.
14:05:44 00108 INFO: Importing pathway file /usr/src/app/resources/../resources/files/pathway/BPMN/Path1.bpmn
14:05:44 00109 INFO: Pathways validated.
14:05:44 00110 INFO: Importing pathways successful.
14:05:44 NOTE  person being put onto pathway :44 : Path1
14:05:45 NOTE  person being put onto pathway :33 : Path1
14:05:46 NOTE  person being put onto pathway :42 : Path1
14:05:47 NOTE  person being put onto pathway :14 : Path1
14:05:48 NOTE  person being put onto pathway :40 : Path1
14:05:49 NOTE  person being put onto pathway :50 : Path1
14:05:49 NOTE  person being put onto pathway :10 : Path1
14:05:50 NOTE  person being put onto pathway :12 : Path1
14:05:51 NOTE  person being put onto pathway :3 : Path1
14:05:53 NOTE  person being put onto pathway :24 : Path1
14:05:54 NOTE  person being put onto pathway :36 : Path1
14:05:56 NOTE  person being put onto pathway :7 : Path1
14:05:58 NOTE  person being put onto pathway :39 : Path1
14:05:58 NOTE  person being put onto pathway :38 : Path1
14:05:59 NOTE  person being put onto pathway :46 : Path1
14:05:59 NOTE  person being put onto pathway :22 : Path1
14:06:01 NOTE  person being put onto pathway :0 : Path1
14:06:02 NOTE  person being put onto pathway :26 : Path1
14:06:03 NOTE  person being put onto pathway :35 : Path1
14:06:04 NOTE  person being put onto pathway :15 : Path1
14:06:06 NOTE  person being put onto pathway :27 : Path1
14:06:07 NOTE  person being put onto pathway :13 : Path1
14:06:09 NOTE  person being put onto pathway :5 : Path1
14:06:10 NOTE  person being put onto pathway :41 : Path1
14:06:11 NOTE  person being put onto pathway :8 : Path1
14:06:12 NOTE  person being put onto pathway :20 : Path1
14:06:14 NOTE  person being put onto pathway :49 : Path1
14:06:14 NOTE  person being put onto pathway :43 : Path1
14:06:15 NOTE  person being put onto pathway :32 : Path1
14:06:16 NOTE  person being put onto pathway :4 : Path1
14:06:18 NOTE  person being put onto pathway :6 : Path1
14:06:19 NOTE  person being put onto pathway :11 : Path1
14:06:20 NOTE  person being put onto pathway :9 : Path1
14:06:22 NOTE  person being put onto pathway :2 : Path1
14:06:24 NOTE  person being put onto pathway :48 : Path1
14:06:24 NOTE  person being put onto pathway :45 : Path1
14:06:25 NOTE  person being put onto pathway :30 : Path1
14:06:26 NOTE  person being put onto pathway :21 : Path1
14:06:27 NOTE  person being put onto pathway :16 : Path1
14:06:29 NOTE  person being put onto pathway :37 : Path1
14:06:29 NOTE  person being put onto pathway :47 : Path1
14:06:30 NOTE  person being put onto pathway :31 : Path1
14:06:31 NOTE  person being put onto pathway :17 : Path1
14:06:33 NOTE  person being put onto pathway :18 : Path1
14:06:34 NOTE  person being put onto pathway :1 : Path1
14:06:35 NOTE  person being put onto pathway :19 : Path1
14:06:37 NOTE  person being put onto pathway :29 : Path1
14:06:38 NOTE  person being put onto pathway :34 : Path1
14:06:40 NOTE  person being put onto pathway :23 : Path1
14:06:41 NOTE  person being put onto pathway :28 : Path1
14:06:43 NOTE  person being put onto pathway :25 : Path1
14:06:44 NOTE  Time elapsed: 63 seconds
